<?xml version="1.0" encoding="UTF-8"?>
<!-- Generated by org.testng.reporters.JUnitReportReporter -->
<testsuite skipped="0" hostname="LAPTOP-E2FFA7B3" name="demo.testingworldloginorsignup" tests="1" failures="0" timestamp="2019-08-29T13:33:49 IST" time="47.291" errors="0">
  <testcase name="testcases" time="47.291" classname="demo.testingworldloginorsignup"/>
</testsuite> <!-- demo.testingworldloginorsignup -->
