<?xml version="1.0" encoding="UTF-8"?>
<!-- Generated by org.testng.reporters.JUnitReportReporter -->
<testsuite skipped="0" hostname="LAPTOP-E2FFA7B3" name="demo.mastering" tests="1" failures="0" timestamp="2019-08-29T13:33:49 IST" time="27.220" errors="0">
  <testcase name="testcases" time="27.220" classname="demo.mastering"/>
</testsuite> <!-- demo.mastering -->
